<?xml version="1.0" encoding="UTF-8"?>
<!-- Generated by org.testng.reporters.JUnitXMLReporter -->
<testsuite ignored="0" hostname="DESKTOP-64CO17K" failures="1" tests="4" name="Staging.CelebratixTest" time="86.004" errors="0" timestamp="2023-07-31T20:05:12 IST">
  <testcase classname="testCases.TC_001_HomePageTest" name="verifyLogo" time="0.135"/>
  <testcase classname="testCases.TC_001_HomePageTest" name="verifyTitle" time="0.019"/>
  <testcase classname="testCases.TC_002_ExistingUser_LoginTest" name="test_login" time="5.858"/>
  <testcase classname="testCases.TC_004_MyAccountPageTest" name="verifyMyAccount" time="10.141">
    <failure type="java.lang.AssertionError" message="expected [true] but found [false]">
      <![CDATA[java.lang.AssertionError: expected [true] but found [false]
at testCases.TC_004_MyAccountPageTest.verifyMyAccount(TC_004_MyAccountPageTest.java:16)
at java.base/java.util.ArrayList.forEach(ArrayList.java:1541)
... Removed 34 stack frames]]>
    </failure>
  </testcase> <!-- verifyMyAccount -->
</testsuite> <!-- Staging.CelebratixTest -->
