<?xml version="1.0" encoding="UTF-8"?>
<!-- Generated by org.testng.reporters.JUnitXMLReporter -->
<testsuite ignored="0" hostname="DESKTOP-64CO17K" failures="1" tests="2" name="Staging.CelebratixTest(failed)" time="35.446" errors="0" timestamp="2023-07-21T19:10:14 IST">
  <testcase classname="testCases.TC_003_LoginDDT" name="test_DDT" time="14.789"/>
  <testcase classname="testCases.TC_003_LoginDDT" name="test_DDT" time="1.16">
    <failure type="java.lang.AssertionError" message="null">
      <![CDATA[java.lang.AssertionError: null
at testCases.TC_003_LoginDDT.test_DDT(TC_003_LoginDDT.java:67)
at java.base/java.util.ArrayList.forEach(ArrayList.java:1511)
... Removed 29 stack frames]]>
    </failure>
  </testcase> <!-- test_DDT -->
</testsuite> <!-- Staging.CelebratixTest(failed) -->
